<?xml version="1.0" encoding="UTF-8"?>
<TestRun id="ab5d53de-cd2e-4a5b-a943-09b796eea238" name="Administrator@STUDENT08 2015-02-26 15:00:08" runUser="STUDENT08\Administrator" xmlns="http://microsoft.com/schemas/VisualStudio/TeamTest/2010">
  <TestSettings name="Local" id="b17f929f-9583-4fbc-b57c-501fd1e63686">
    <Description>These are default test settings for a local test run.</Description>
    <Deployment enabled="false" runDeploymentRoot="Administrator_STUDENT08 2015-02-26 15_00_08">
      <DeploymentItem filename="C:\Users\Administrator\Documents\C#\QA\QA\bin\Debug\QA.dll" />
    </Deployment>
    <Execution>
      <TestTypeSpecific />
      <AgentRule name="Execution Agents">
      </AgentRule>
    </Execution>
  </TestSettings>
  <Times creation="2015-02-26T15:00:08.5010083+00:00" queuing="2015-02-26T15:00:08.5570115+00:00" start="2015-02-26T15:00:08.5620117+00:00" finish="2015-02-26T15:00:08.8230267+00:00" />
  <ResultSummary outcome="Failed">
    <Counters total="1" executed="1" error="0" failed="1" timeout="0" aborted="0" inconclusive="0" passedButRunAborted="0" notRunnable="0" notExecuted="0" disconnected="0" warning="0" passed="0" completed="0" inProgress="0" pending="0" />
  </ResultSummary>
  <TestDefinitions>
    <UnitTest name="CurrentPriceIncorrectProductTest" storage="c:\users\administrator\documents\c#\qa\orderitemtests\bin\debug\orderitemtests.dll" id="0fbf2d7b-d5c8-818e-a9e4-3fe777412a4f">
      <Execution id="2366d8df-cdaf-4082-ac7a-b2baf336b3e3" />
      <TestMethod codeBase="C:/Users/Administrator/Documents/C#/QA/OrderItemTests/bin/Debug/OrderItemTests.DLL" adapterTypeName="Microsoft.VisualStudio.TestTools.TestTypes.Unit.UnitTestAdapter, Microsoft.VisualStudio.QualityTools.Tips.UnitTest.Adapter, Version=10.0.0.0, Culture=neutral, PublicKeyToken=b03f5f7f11d50a3a" className="QATests.ShoppingBasketTests, OrderItemTests, Version=1.0.0.0, Culture=neutral, PublicKeyToken=null" name="CurrentPriceIncorrectProductTest" />
    </UnitTest>
  </TestDefinitions>
  <TestLists>
    <TestList name="Results Not in a List" id="8c84fa94-04c1-424b-9868-57a2d4851a1d" />
    <TestList name="All Loaded Results" id="19431567-8539-422a-85d7-44ee4e166bda" />
  </TestLists>
  <TestEntries>
    <TestEntry testId="0fbf2d7b-d5c8-818e-a9e4-3fe777412a4f" executionId="2366d8df-cdaf-4082-ac7a-b2baf336b3e3" testListId="8c84fa94-04c1-424b-9868-57a2d4851a1d" />
  </TestEntries>
  <Results>
    <UnitTestResult executionId="2366d8df-cdaf-4082-ac7a-b2baf336b3e3" testId="0fbf2d7b-d5c8-818e-a9e4-3fe777412a4f" testName="CurrentPriceIncorrectProductTest" computerName="STUDENT08" duration="00:00:00.0304445" startTime="2015-02-26T15:00:08.5670120+00:00" endTime="2015-02-26T15:00:08.8070258+00:00" testType="13cdc9d9-ddb5-4fa4-a97d-d965ccfc6d4b" outcome="Failed" testListId="8c84fa94-04c1-424b-9868-57a2d4851a1d" relativeResultsDirectory="2366d8df-cdaf-4082-ac7a-b2baf336b3e3">
      <Output>
        <ErrorInfo>
          <Message>Test method QATests.ShoppingBasketTests.CurrentPriceIncorrectProductTest threw exception: 
System.InvalidOperationException: Product ABC not found</Message>
          <StackTrace>    at QA.ShoppingBasket.CurrentPrice(String productName) in C:\Users\Administrator\Documents\C#\QA\QA\ShoppingBasket.cs:line 138
   at QATests.ShoppingBasketTests.CurrentPriceIncorrectProductTest() in C:\Users\Administrator\Documents\C#\QA\OrderItemTests\ShoppingBasketTests.cs:line 291
</StackTrace>
        </ErrorInfo>
      </Output>
    </UnitTestResult>
  </Results>
</TestRun>