<?xml version="1.0" encoding="UTF-8"?>
<TestRun id="877eb549-2bd2-4bd3-ad4c-8d5cfec65ccf" name="Administrator@STUDENT08 2015-02-26 14:58:40" runUser="STUDENT08\Administrator" xmlns="http://microsoft.com/schemas/VisualStudio/TeamTest/2010">
  <TestSettings name="Local" id="b17f929f-9583-4fbc-b57c-501fd1e63686">
    <Description>These are default test settings for a local test run.</Description>
    <Deployment enabled="false" runDeploymentRoot="Administrator_STUDENT08 2015-02-26 14_58_40">
      <DeploymentItem filename="C:\Users\Administrator\Documents\C#\QA\QA\bin\Debug\QA.dll" />
    </Deployment>
    <Execution>
      <TestTypeSpecific />
      <AgentRule name="Execution Agents">
      </AgentRule>
    </Execution>
  </TestSettings>
  <Times creation="2015-02-26T14:58:40.1989577+00:00" queuing="2015-02-26T14:58:40.2619613+00:00" start="2015-02-26T14:58:40.2679616+00:00" finish="2015-02-26T14:58:40.5079753+00:00" />
  <ResultSummary outcome="Completed">
    <Counters total="1" executed="1" passed="1" error="0" failed="0" timeout="0" aborted="0" inconclusive="0" passedButRunAborted="0" notRunnable="0" notExecuted="0" disconnected="0" warning="0" completed="0" inProgress="0" pending="0" />
  </ResultSummary>
  <TestDefinitions>
    <UnitTest name="CurrentPriceTest" storage="c:\users\administrator\documents\c#\qa\orderitemtests\bin\debug\orderitemtests.dll" id="2af55f67-76bb-9c1a-8dc1-5b874dddee91">
      <Execution id="8e532f8a-9291-4164-b8f2-61c8e21b617a" />
      <TestMethod codeBase="C:/Users/Administrator/Documents/C#/QA/OrderItemTests/bin/Debug/OrderItemTests.DLL" adapterTypeName="Microsoft.VisualStudio.TestTools.TestTypes.Unit.UnitTestAdapter, Microsoft.VisualStudio.QualityTools.Tips.UnitTest.Adapter, Version=10.0.0.0, Culture=neutral, PublicKeyToken=b03f5f7f11d50a3a" className="QATests.ShoppingBasketTests, OrderItemTests, Version=1.0.0.0, Culture=neutral, PublicKeyToken=null" name="CurrentPriceTest" />
    </UnitTest>
  </TestDefinitions>
  <TestLists>
    <TestList name="Results Not in a List" id="8c84fa94-04c1-424b-9868-57a2d4851a1d" />
    <TestList name="All Loaded Results" id="19431567-8539-422a-85d7-44ee4e166bda" />
  </TestLists>
  <TestEntries>
    <TestEntry testId="2af55f67-76bb-9c1a-8dc1-5b874dddee91" executionId="8e532f8a-9291-4164-b8f2-61c8e21b617a" testListId="8c84fa94-04c1-424b-9868-57a2d4851a1d" />
  </TestEntries>
  <Results>
    <UnitTestResult executionId="8e532f8a-9291-4164-b8f2-61c8e21b617a" testId="2af55f67-76bb-9c1a-8dc1-5b874dddee91" testName="CurrentPriceTest" computerName="STUDENT08" duration="00:00:00.0162398" startTime="2015-02-26T14:58:40.2699617+00:00" endTime="2015-02-26T14:58:40.4939745+00:00" testType="13cdc9d9-ddb5-4fa4-a97d-d965ccfc6d4b" outcome="Passed" testListId="8c84fa94-04c1-424b-9868-57a2d4851a1d" relativeResultsDirectory="8e532f8a-9291-4164-b8f2-61c8e21b617a">
    </UnitTestResult>
  </Results>
</TestRun>