<?xml version="1.0" encoding="UTF-8"?>
<TestRun id="f20bcda5-c74a-4d30-b734-d99e3ef3e0ca" name="Administrator@STUDENT08 2015-02-26 14:39:06" runUser="STUDENT08\Administrator" xmlns="http://microsoft.com/schemas/VisualStudio/TeamTest/2010">
  <TestSettings name="Local" id="b17f929f-9583-4fbc-b57c-501fd1e63686">
    <Description>These are default test settings for a local test run.</Description>
    <Deployment userDeploymentRoot="C:\Users\Administrator\Documents\C#\QA\TestResults" useDefaultDeploymentRoot="false" enabled="false" runDeploymentRoot="Administrator_STUDENT08 2015-02-26 14_39_06">
      <DeploymentItem filename="C:\Users\Administrator\Documents\C#\QA\QA\bin\Debug\QA.dll" />
    </Deployment>
    <Execution>
      <TestTypeSpecific />
      <AgentRule name="Execution Agents">
      </AgentRule>
    </Execution>
  </TestSettings>
  <Times creation="2015-02-26T14:39:06.2398110+00:00" queuing="2015-02-26T14:39:07.3128724+00:00" start="2015-02-26T14:39:07.4578807+00:00" finish="2015-02-26T14:40:20.0710340+00:00" />
  <ResultSummary outcome="Error">
    <Counters total="1" executed="1" error="0" failed="0" timeout="0" aborted="1" inconclusive="0" passedButRunAborted="0" notRunnable="0" notExecuted="0" disconnected="0" warning="0" passed="0" completed="0" inProgress="0" pending="0" />
    <RunInfos>
      <RunInfo computerName="STUDENT08" outcome="Error" timestamp="2015-02-26T14:40:20.0700339+00:00">
        <Text>Test host process exited unexpectedly.</Text>
      </RunInfo>
    </RunInfos>
  </ResultSummary>
  <TestDefinitions>
    <UnitTest name="AddingNewPriceTest" storage="c:\users\administrator\documents\c#\qa\orderitemtests\bin\debug\orderitemtests.dll" id="8fba5206-c817-777b-f026-74e0168015cb">
      <Execution id="d39e53f9-6e3b-45c8-9694-4ed8a86d2689" />
      <TestMethod codeBase="C:/Users/Administrator/Documents/C#/QA/OrderItemTests/bin/Debug/OrderItemTests.DLL" adapterTypeName="Microsoft.VisualStudio.TestTools.TestTypes.Unit.UnitTestAdapter, Microsoft.VisualStudio.QualityTools.Tips.UnitTest.Adapter, Version=10.0.0.0, Culture=neutral, PublicKeyToken=b03f5f7f11d50a3a" className="QATests.ShoppingBasketTests, OrderItemTests, Version=1.0.0.0, Culture=neutral, PublicKeyToken=null" name="AddingNewPriceTest" />
    </UnitTest>
  </TestDefinitions>
  <TestLists>
    <TestList name="Results Not in a List" id="8c84fa94-04c1-424b-9868-57a2d4851a1d" />
    <TestList name="All Loaded Results" id="19431567-8539-422a-85d7-44ee4e166bda" />
  </TestLists>
  <TestEntries>
    <TestEntry testId="8fba5206-c817-777b-f026-74e0168015cb" executionId="d39e53f9-6e3b-45c8-9694-4ed8a86d2689" testListId="8c84fa94-04c1-424b-9868-57a2d4851a1d" />
  </TestEntries>
  <Results>
    <UnitTestResult executionId="d39e53f9-6e3b-45c8-9694-4ed8a86d2689" testId="8fba5206-c817-777b-f026-74e0168015cb" testName="AddingNewPriceTest" computerName="STUDENT08" duration="00:01:12.4741453" startTime="2015-02-26T14:39:07.5968887+00:00" endTime="2015-02-26T14:40:20.0710340+00:00" testType="13cdc9d9-ddb5-4fa4-a97d-d965ccfc6d4b" outcome="Aborted" testListId="8c84fa94-04c1-424b-9868-57a2d4851a1d" relativeResultsDirectory="d39e53f9-6e3b-45c8-9694-4ed8a86d2689">
    </UnitTestResult>
  </Results>
</TestRun>