<?xml version="1.0" encoding="UTF-8"?>
<TestRun id="da40974e-9a37-4082-baf8-34973e975d7b" name="Administrator@STUDENT08 2015-02-26 14:57:08" runUser="STUDENT08\Administrator" xmlns="http://microsoft.com/schemas/VisualStudio/TeamTest/2010">
  <TestSettings name="Local" id="b17f929f-9583-4fbc-b57c-501fd1e63686">
    <Description>These are default test settings for a local test run.</Description>
    <Deployment enabled="false" runDeploymentRoot="Administrator_STUDENT08 2015-02-26 14_57_08">
      <DeploymentItem filename="C:\Users\Administrator\Documents\C#\QA\QA\bin\Debug\QA.dll" />
    </Deployment>
    <Execution>
      <TestTypeSpecific />
      <AgentRule name="Execution Agents">
      </AgentRule>
    </Execution>
  </TestSettings>
  <Times creation="2015-02-26T14:57:08.4547102+00:00" queuing="2015-02-26T14:57:08.5037130+00:00" start="2015-02-26T14:57:08.5097133+00:00" finish="2015-02-26T14:57:08.7727284+00:00" />
  <ResultSummary outcome="Failed">
    <Counters total="1" executed="1" error="0" failed="1" timeout="0" aborted="0" inconclusive="0" passedButRunAborted="0" notRunnable="0" notExecuted="0" disconnected="0" warning="0" passed="0" completed="0" inProgress="0" pending="0" />
  </ResultSummary>
  <TestDefinitions>
    <UnitTest name="NumberOfProductsTest" storage="c:\users\administrator\documents\c#\qa\orderitemtests\bin\debug\orderitemtests.dll" id="27e09d42-6ca7-7cb5-482f-d0efcb352a6d">
      <Execution id="fd44b893-8a6e-4bcd-aa96-c4d12cd2929d" />
      <TestMethod codeBase="C:/Users/Administrator/Documents/C#/QA/OrderItemTests/bin/Debug/OrderItemTests.DLL" adapterTypeName="Microsoft.VisualStudio.TestTools.TestTypes.Unit.UnitTestAdapter, Microsoft.VisualStudio.QualityTools.Tips.UnitTest.Adapter, Version=10.0.0.0, Culture=neutral, PublicKeyToken=b03f5f7f11d50a3a" className="QATests.ShoppingBasketTests, OrderItemTests, Version=1.0.0.0, Culture=neutral, PublicKeyToken=null" name="NumberOfProductsTest" />
    </UnitTest>
  </TestDefinitions>
  <TestLists>
    <TestList name="Results Not in a List" id="8c84fa94-04c1-424b-9868-57a2d4851a1d" />
    <TestList name="All Loaded Results" id="19431567-8539-422a-85d7-44ee4e166bda" />
  </TestLists>
  <TestEntries>
    <TestEntry testId="27e09d42-6ca7-7cb5-482f-d0efcb352a6d" executionId="fd44b893-8a6e-4bcd-aa96-c4d12cd2929d" testListId="8c84fa94-04c1-424b-9868-57a2d4851a1d" />
  </TestEntries>
  <Results>
    <UnitTestResult executionId="fd44b893-8a6e-4bcd-aa96-c4d12cd2929d" testId="27e09d42-6ca7-7cb5-482f-d0efcb352a6d" testName="NumberOfProductsTest" computerName="STUDENT08" duration="00:00:00.0329909" startTime="2015-02-26T14:57:08.5137136+00:00" endTime="2015-02-26T14:57:08.7547274+00:00" testType="13cdc9d9-ddb5-4fa4-a97d-d965ccfc6d4b" outcome="Failed" testListId="8c84fa94-04c1-424b-9868-57a2d4851a1d" relativeResultsDirectory="fd44b893-8a6e-4bcd-aa96-c4d12cd2929d">
      <Output>
        <ErrorInfo>
          <Message>Assert.AreEqual failed. Expected:&lt;10&gt;. Actual:&lt;3&gt;. </Message>
          <StackTrace>   at QATests.ShoppingBasketTests.NumberOfProductsTest() in C:\Users\Administrator\Documents\C#\QA\OrderItemTests\ShoppingBasketTests.cs:line 250
</StackTrace>
        </ErrorInfo>
      </Output>
    </UnitTestResult>
  </Results>
</TestRun>