<?xml version="1.0" encoding="UTF-8"?>
<TestRun id="84d1eb5c-a66f-4dcc-a56d-674add114f38" name="Administrator@STUDENT08 2015-02-26 14:26:17" runUser="STUDENT08\Administrator" xmlns="http://microsoft.com/schemas/VisualStudio/TeamTest/2010">
  <TestSettings name="Local" id="b17f929f-9583-4fbc-b57c-501fd1e63686">
    <Description>These are default test settings for a local test run.</Description>
    <Deployment enabled="false" runDeploymentRoot="Administrator_STUDENT08 2015-02-26 14_26_17">
      <DeploymentItem filename="C:\Users\Administrator\Documents\C#\QA\QA\bin\Debug\QA.dll" />
    </Deployment>
    <Execution>
      <TestTypeSpecific />
      <AgentRule name="Execution Agents">
      </AgentRule>
    </Execution>
  </TestSettings>
  <Times creation="2015-02-26T14:26:17.1528218+00:00" queuing="2015-02-26T14:26:17.1948242+00:00" start="2015-02-26T14:26:17.2008245+00:00" finish="2015-02-26T14:26:17.5238430+00:00" />
  <ResultSummary outcome="Completed">
    <Counters total="1" executed="1" passed="1" error="0" failed="0" timeout="0" aborted="0" inconclusive="0" passedButRunAborted="0" notRunnable="0" notExecuted="0" disconnected="0" warning="0" completed="0" inProgress="0" pending="0" />
  </ResultSummary>
  <TestDefinitions>
    <UnitTest name="NewProductNoQuantityTest" storage="c:\users\administrator\documents\c#\qa\orderitemtests\bin\debug\orderitemtests.dll" id="2b7be74e-9616-afa9-dab8-d6df7855b096">
      <Execution id="afcacd61-43dc-4c2f-b5f0-07895d68c4f2" />
      <TestMethod codeBase="C:/Users/Administrator/Documents/C#/QA/OrderItemTests/bin/Debug/OrderItemTests.DLL" adapterTypeName="Microsoft.VisualStudio.TestTools.TestTypes.Unit.UnitTestAdapter, Microsoft.VisualStudio.QualityTools.Tips.UnitTest.Adapter, Version=10.0.0.0, Culture=neutral, PublicKeyToken=b03f5f7f11d50a3a" className="QATests.ShoppingBasketTests, OrderItemTests, Version=1.0.0.0, Culture=neutral, PublicKeyToken=null" name="NewProductNoQuantityTest" />
    </UnitTest>
  </TestDefinitions>
  <TestLists>
    <TestList name="Results Not in a List" id="8c84fa94-04c1-424b-9868-57a2d4851a1d" />
    <TestList name="All Loaded Results" id="19431567-8539-422a-85d7-44ee4e166bda" />
  </TestLists>
  <TestEntries>
    <TestEntry testId="2b7be74e-9616-afa9-dab8-d6df7855b096" executionId="afcacd61-43dc-4c2f-b5f0-07895d68c4f2" testListId="8c84fa94-04c1-424b-9868-57a2d4851a1d" />
  </TestEntries>
  <Results>
    <UnitTestResult executionId="afcacd61-43dc-4c2f-b5f0-07895d68c4f2" testId="2b7be74e-9616-afa9-dab8-d6df7855b096" testName="NewProductNoQuantityTest" computerName="STUDENT08" duration="00:00:00.0142275" startTime="2015-02-26T14:26:17.2038247+00:00" endTime="2015-02-26T14:26:17.4218372+00:00" testType="13cdc9d9-ddb5-4fa4-a97d-d965ccfc6d4b" outcome="Passed" testListId="8c84fa94-04c1-424b-9868-57a2d4851a1d" relativeResultsDirectory="afcacd61-43dc-4c2f-b5f0-07895d68c4f2">
    </UnitTestResult>
  </Results>
</TestRun>