<?xml version="1.0" encoding="UTF-8"?>
<TestRun id="7abacb55-e64b-44ef-bfc4-01e11d3ba83f" name="Administrator@STUDENT08 2015-02-26 14:45:28" runUser="STUDENT08\Administrator" xmlns="http://microsoft.com/schemas/VisualStudio/TeamTest/2010">
  <TestSettings name="Local" id="b17f929f-9583-4fbc-b57c-501fd1e63686">
    <Description>These are default test settings for a local test run.</Description>
    <Deployment enabled="false" runDeploymentRoot="Administrator_STUDENT08 2015-02-26 14_45_28">
      <DeploymentItem filename="C:\Users\Administrator\Documents\C#\QA\QA\bin\Debug\QA.dll" />
    </Deployment>
    <Execution>
      <TestTypeSpecific />
      <AgentRule name="Execution Agents">
      </AgentRule>
    </Execution>
  </TestSettings>
  <Times creation="2015-02-26T14:45:28.6586842+00:00" queuing="2015-02-26T14:45:28.7216878+00:00" start="2015-02-26T14:45:28.7286882+00:00" finish="2015-02-26T14:45:28.9627015+00:00" />
  <ResultSummary outcome="Completed">
    <Counters total="1" executed="1" passed="1" error="0" failed="0" timeout="0" aborted="0" inconclusive="0" passedButRunAborted="0" notRunnable="0" notExecuted="0" disconnected="0" warning="0" completed="0" inProgress="0" pending="0" />
  </ResultSummary>
  <TestDefinitions>
    <UnitTest name="RemoveWithoutQuantityTest" storage="c:\users\administrator\documents\c#\qa\orderitemtests\bin\debug\orderitemtests.dll" id="ab13b6e4-0227-b74c-0782-a6956e562f70">
      <Execution id="2d79a325-1af8-4e69-ba1b-52c2457b3ee6" />
      <TestMethod codeBase="C:/Users/Administrator/Documents/C#/QA/OrderItemTests/bin/Debug/OrderItemTests.DLL" adapterTypeName="Microsoft.VisualStudio.TestTools.TestTypes.Unit.UnitTestAdapter, Microsoft.VisualStudio.QualityTools.Tips.UnitTest.Adapter, Version=10.0.0.0, Culture=neutral, PublicKeyToken=b03f5f7f11d50a3a" className="QATests.ShoppingBasketTests, OrderItemTests, Version=1.0.0.0, Culture=neutral, PublicKeyToken=null" name="RemoveWithoutQuantityTest" />
    </UnitTest>
  </TestDefinitions>
  <TestLists>
    <TestList name="Results Not in a List" id="8c84fa94-04c1-424b-9868-57a2d4851a1d" />
    <TestList name="All Loaded Results" id="19431567-8539-422a-85d7-44ee4e166bda" />
  </TestLists>
  <TestEntries>
    <TestEntry testId="ab13b6e4-0227-b74c-0782-a6956e562f70" executionId="2d79a325-1af8-4e69-ba1b-52c2457b3ee6" testListId="8c84fa94-04c1-424b-9868-57a2d4851a1d" />
  </TestEntries>
  <Results>
    <UnitTestResult executionId="2d79a325-1af8-4e69-ba1b-52c2457b3ee6" testId="ab13b6e4-0227-b74c-0782-a6956e562f70" testName="RemoveWithoutQuantityTest" computerName="STUDENT08" duration="00:00:00.0144677" startTime="2015-02-26T14:45:28.7336884+00:00" endTime="2015-02-26T14:45:28.9497008+00:00" testType="13cdc9d9-ddb5-4fa4-a97d-d965ccfc6d4b" outcome="Passed" testListId="8c84fa94-04c1-424b-9868-57a2d4851a1d" relativeResultsDirectory="2d79a325-1af8-4e69-ba1b-52c2457b3ee6">
    </UnitTestResult>
  </Results>
</TestRun>